2026-01-09 23:03:16.814 +01:00 [INF] Starting Healthcare API...
2026-01-09 23:03:16.922 +01:00 [FTL] Application terminated unexpectedly
System.IO.InvalidDataException: Failed to load configuration from file 'C:\Users\flore\OneDrive\Desktop\Health\Healthcare-Appointment-Notification-System\Healthcare.AppointmentSystem\Healthcare.Presentation.API\appsettings.json'.
 ---> System.FormatException: Could not parse the JSON file.
 ---> System.Text.Json.JsonReaderException: '{' is an invalid start of a property name. Expected a '"'. LineNumber: 11 | BytePositionInLine: 4.
   at System.Text.Json.ThrowHelper.ThrowJsonReaderException(Utf8JsonReader& json, ExceptionResource resource, Byte nextByte, ReadOnlySpan`1 bytes)
   at System.Text.Json.Utf8JsonReader.ConsumeNextTokenUntilAfterAllCommentsAreSkipped(Byte marker)
   at System.Text.Json.Utf8JsonReader.ConsumeNextToken(Byte marker)
   at System.Text.Json.Utf8JsonReader.ConsumeNextTokenOrRollback(Byte marker)
   at System.Text.Json.Utf8JsonReader.ReadSingleSegment()
   at System.Text.Json.Utf8JsonReader.Read()
   at System.Text.Json.JsonDocument.Parse(ReadOnlySpan`1 utf8JsonSpan, JsonReaderOptions readerOptions, MetadataDb& database, StackRowStack& stack)
   at System.Text.Json.JsonDocument.Parse(ReadOnlyMemory`1 utf8Json, JsonReaderOptions readerOptions, Byte[] extraRentedArrayPoolBytes, PooledByteBufferWriter extraPooledByteBufferWriter, Boolean allowDuplicateProperties)
   at System.Text.Json.JsonDocument.Parse(ReadOnlyMemory`1 json, JsonDocumentOptions options)
   at System.Text.Json.JsonDocument.Parse(String json, JsonDocumentOptions options)
   at Microsoft.Extensions.Configuration.Json.JsonConfigurationFileParser.ParseStream(Stream input)
   at Microsoft.Extensions.Configuration.Json.JsonConfigurationProvider.Load(Stream stream)
   --- End of inner exception stack trace ---
   at Microsoft.Extensions.Configuration.Json.JsonConfigurationProvider.Load(Stream stream)
   at Microsoft.Extensions.Configuration.FileConfigurationProvider.Load(Boolean reload)
   --- End of inner exception stack trace ---
   at Microsoft.Extensions.Configuration.FileConfigurationProvider.Load(Boolean reload)
   at Microsoft.Extensions.Configuration.ConfigurationManager.AddSource(IConfigurationSource source)
   at Microsoft.Extensions.Configuration.ConfigurationManager.ConfigurationSources.Add(IConfigurationSource source)
   at Microsoft.Extensions.Configuration.ConfigurationManager.Microsoft.Extensions.Configuration.IConfigurationBuilder.Add(IConfigurationSource source)
   at Microsoft.Extensions.Configuration.ConfigurationExtensions.Add[TSource](IConfigurationBuilder builder, Action`1 configureSource)
   at Microsoft.Extensions.Configuration.JsonConfigurationExtensions.AddJsonFile(IConfigurationBuilder builder, String path, Boolean optional, Boolean reloadOnChange)
   at Microsoft.Extensions.Hosting.HostingHostBuilderExtensions.ApplyDefaultAppConfiguration(HostBuilderContext hostingContext, IConfigurationBuilder appConfigBuilder, String[] args)
   at Microsoft.Extensions.Hosting.HostApplicationBuilder..ctor(HostApplicationBuilderSettings settings)
   at Microsoft.AspNetCore.Builder.WebApplicationBuilder..ctor(WebApplicationOptions options, Action`1 configureDefaults)
   at Microsoft.AspNetCore.Builder.WebApplication.CreateBuilder(String[] args)
   at Program.<Main>$(String[] args) in C:\Users\flore\OneDrive\Desktop\Health\Healthcare-Appointment-Notification-System\Healthcare.AppointmentSystem\Healthcare.Presentation.API\Program.cs:line 34
2026-01-09 23:03:31.050 +01:00 [INF] Starting Healthcare API...
2026-01-09 23:03:31.124 +01:00 [FTL] Application terminated unexpectedly
System.IO.InvalidDataException: Failed to load configuration from file 'C:\Users\flore\OneDrive\Desktop\Health\Healthcare-Appointment-Notification-System\Healthcare.AppointmentSystem\Healthcare.Presentation.API\appsettings.json'.
 ---> System.FormatException: Could not parse the JSON file.
 ---> System.Text.Json.JsonReaderException: '{' is an invalid start of a property name. Expected a '"'. LineNumber: 11 | BytePositionInLine: 4.
   at System.Text.Json.ThrowHelper.ThrowJsonReaderException(Utf8JsonReader& json, ExceptionResource resource, Byte nextByte, ReadOnlySpan`1 bytes)
   at System.Text.Json.Utf8JsonReader.ConsumeNextTokenUntilAfterAllCommentsAreSkipped(Byte marker)
   at System.Text.Json.Utf8JsonReader.ConsumeNextToken(Byte marker)
   at System.Text.Json.Utf8JsonReader.ConsumeNextTokenOrRollback(Byte marker)
   at System.Text.Json.Utf8JsonReader.ReadSingleSegment()
   at System.Text.Json.Utf8JsonReader.Read()
   at System.Text.Json.JsonDocument.Parse(ReadOnlySpan`1 utf8JsonSpan, JsonReaderOptions readerOptions, MetadataDb& database, StackRowStack& stack)
   at System.Text.Json.JsonDocument.Parse(ReadOnlyMemory`1 utf8Json, JsonReaderOptions readerOptions, Byte[] extraRentedArrayPoolBytes, PooledByteBufferWriter extraPooledByteBufferWriter, Boolean allowDuplicateProperties)
   at System.Text.Json.JsonDocument.Parse(ReadOnlyMemory`1 json, JsonDocumentOptions options)
   at System.Text.Json.JsonDocument.Parse(String json, JsonDocumentOptions options)
   at Microsoft.Extensions.Configuration.Json.JsonConfigurationFileParser.ParseStream(Stream input)
   at Microsoft.Extensions.Configuration.Json.JsonConfigurationProvider.Load(Stream stream)
   --- End of inner exception stack trace ---
   at Microsoft.Extensions.Configuration.Json.JsonConfigurationProvider.Load(Stream stream)
   at Microsoft.Extensions.Configuration.FileConfigurationProvider.Load(Boolean reload)
   --- End of inner exception stack trace ---
   at Microsoft.Extensions.Configuration.FileConfigurationProvider.Load(Boolean reload)
   at Microsoft.Extensions.Configuration.ConfigurationManager.AddSource(IConfigurationSource source)
   at Microsoft.Extensions.Configuration.ConfigurationManager.ConfigurationSources.Add(IConfigurationSource source)
   at Microsoft.Extensions.Configuration.ConfigurationManager.Microsoft.Extensions.Configuration.IConfigurationBuilder.Add(IConfigurationSource source)
   at Microsoft.Extensions.Configuration.ConfigurationExtensions.Add[TSource](IConfigurationBuilder builder, Action`1 configureSource)
   at Microsoft.Extensions.Configuration.JsonConfigurationExtensions.AddJsonFile(IConfigurationBuilder builder, String path, Boolean optional, Boolean reloadOnChange)
   at Microsoft.Extensions.Hosting.HostingHostBuilderExtensions.ApplyDefaultAppConfiguration(HostBuilderContext hostingContext, IConfigurationBuilder appConfigBuilder, String[] args)
   at Microsoft.Extensions.Hosting.HostApplicationBuilder..ctor(HostApplicationBuilderSettings settings)
   at Microsoft.AspNetCore.Builder.WebApplicationBuilder..ctor(WebApplicationOptions options, Action`1 configureDefaults)
   at Microsoft.AspNetCore.Builder.WebApplication.CreateBuilder(String[] args)
   at Program.<Main>$(String[] args) in C:\Users\flore\OneDrive\Desktop\Health\Healthcare-Appointment-Notification-System\Healthcare.AppointmentSystem\Healthcare.Presentation.API\Program.cs:line 34
